0 info it worked if it ends with ok
1 verbose cli [ 'c:\\Program Files\\nodejs\\node.exe',
1 verbose cli   'c:\\Program Files\\nodejs\\node_modules\\npm\\bin\\npm-cli.js',
1 verbose cli   'version',
1 verbose cli   'patch' ]
2 info using npm@2.5.1
3 info using node@v0.12.0
4 info git [ 'status', '--porcelain' ]
5 verbose stack Error: Git working directory not clean.
5 verbose stack M systems.js
5 verbose stack     at c:\Program Files\nodejs\node_modules\npm\lib\version.js:138:37
5 verbose stack     at ChildProcess.exithandler (child_process.js:735:7)
5 verbose stack     at ChildProcess.emit (events.js:110:17)
5 verbose stack     at maybeClose (child_process.js:1008:16)
5 verbose stack     at Process.ChildProcess._handle.onexit (child_process.js:1080:5)
6 verbose cwd c:\Users\James\src\ld32
7 error Windows_NT 6.3.9600
8 error argv "c:\\Program Files\\nodejs\\node.exe" "c:\\Program Files\\nodejs\\node_modules\\npm\\bin\\npm-cli.js" "version" "patch"
9 error node v0.12.0
10 error npm  v2.5.1
11 error Git working directory not clean.
11 error M systems.js
12 error If you need help, you may report this error at:
12 error     <http://github.com/npm/npm/issues>
13 verbose exit [ 1, true ]
